<?xml version="1.0" encoding="UTF-8"?>
<!-- Generated by org.testng.reporters.JUnitReportReporter -->
<testsuite hostname="Dafodilequeens-MacBook-Pro.local" failures="0" tests="2" name="testdemo.inslyTestDemo" time="1.073" errors="0" timestamp="01 May 2019 14:30:18 GMT" skipped="0">
  <testcase classname="testdemo.inslyTestDemo" name="verifySignUpPageElements" time="0.963"/>
  <testcase classname="testdemo.inslyTestDemo" name="verifySignUpPageTitles" time="0.110"/>
</testsuite> <!-- testdemo.inslyTestDemo -->
