<?xml version="1.0" encoding="UTF-8"?>
<!-- Generated by org.testng.reporters.JUnitReportReporter -->
<testsuite hostname="Dafodilequeens-MacBook-Pro.local" failures="0" tests="1" name="samplepackage.SampleTest" time="0.071" errors="0" timestamp="30 Apr 2019 21:51:27 GMT" skipped="0">
  <testcase classname="samplepackage.SampleTest" name="verifySignUpPageTitle" time="0.071"/>
</testsuite> <!-- samplepackage.SampleTest -->
